{"total": {"lines":{"total":2006,"covered":1025,"skipped":0,"pct":51.09},"statements":{"total":2048,"covered":1041,"skipped":0,"pct":50.83},"functions":{"total":283,"covered":150,"skipped":0,"pct":53},"branches":{"total":1472,"covered":595,"skipped":0,"pct":40.42},"branchesTrue":{"total":0,"covered":0,"skipped":0,"pct":100}}
,"/root/project/ollama-orchestrator/src/metrics/request-telemetry.ts": {"lines":{"total":27,"covered":18,"skipped":0,"pct":66.66},"functions":{"total":5,"covered":3,"skipped":0,"pct":60},"statements":{"total":31,"covered":19,"skipped":0,"pct":61.29},"branches":{"total":17,"covered":5,"skipped":0,"pct":29.41}}
,"/root/project/ollama-orchestrator/src/orchestrator/orchestrator.ts": {"lines":{"total":1434,"covered":866,"skipped":0,"pct":60.39},"functions":{"total":220,"covered":128,"skipped":0,"pct":58.18},"statements":{"total":1466,"covered":880,"skipped":0,"pct":60.02},"branches":{"total":1003,"covered":519,"skipped":0,"pct":51.74}}
,"/root/project/ollama-orchestrator/src/orchestrator/routing.ts": {"lines":{"total":435,"covered":101,"skipped":0,"pct":23.21},"functions":{"total":34,"covered":3,"skipped":0,"pct":8.82},"statements":{"total":440,"covered":101,"skipped":0,"pct":22.95},"branches":{"total":360,"covered":56,"skipped":0,"pct":15.55}}
,"/root/project/ollama-orchestrator/src/probe/three-sink-feeder.ts": {"lines":{"total":15,"covered":13,"skipped":0,"pct":86.66},"functions":{"total":7,"covered":5,"skipped":0,"pct":71.42},"statements":{"total":16,"covered":14,"skipped":0,"pct":87.5},"branches":{"total":8,"covered":7,"skipped":0,"pct":87.5}}
,"/root/project/ollama-orchestrator/src/utils/request-context-builder.ts": {"lines":{"total":27,"covered":27,"skipped":0,"pct":100},"functions":{"total":11,"covered":11,"skipped":0,"pct":100},"statements":{"total":27,"covered":27,"skipped":0,"pct":100},"branches":{"total":12,"covered":8,"skipped":0,"pct":66.66}}
,"/root/project/ollama-orchestrator/src/utils/token-metrics-extractor.ts": {"lines":{"total":68,"covered":0,"skipped":0,"pct":0},"functions":{"total":6,"covered":0,"skipped":0,"pct":0},"statements":{"total":68,"covered":0,"skipped":0,"pct":0},"branches":{"total":72,"covered":0,"skipped":0,"pct":0}}
}
